[12.315s] Invoking command in '/home/muhammad/ros2_ws/src/yolo_detector': PYTHONPATH=/home/muhammad/ros2_ws/build/yolo_detector/prefix_override:/usr/lib/python3/dist-packages/colcon_core/task/python/colcon_distutils_commands:/home/muhammad/ros2_ws/install/yolo_detector/lib/python3.10/site-packages:${PYTHONPATH} /usr/bin/python3 -W ignore:setup.py install is deprecated -W ignore:easy_install command is deprecated setup.py egg_info --egg-base ../../build/yolo_detector build --build-base /home/muhammad/ros2_ws/build/yolo_detector/build install --record /home/muhammad/ros2_ws/build/yolo_detector/install.log --single-version-externally-managed install_data
[16.999s] running egg_info
[17.004s] creating ../../build/yolo_detector/yolo_detector.egg-info
[17.010s] writing ../../build/yolo_detector/yolo_detector.egg-info/PKG-INFO
[17.027s] writing dependency_links to ../../build/yolo_detector/yolo_detector.egg-info/dependency_links.txt
[17.042s] writing entry points to ../../build/yolo_detector/yolo_detector.egg-info/entry_points.txt
[17.044s] writing requirements to ../../build/yolo_detector/yolo_detector.egg-info/requires.txt
[17.053s] writing top-level names to ../../build/yolo_detector/yolo_detector.egg-info/top_level.txt
[17.063s] writing manifest file '../../build/yolo_detector/yolo_detector.egg-info/SOURCES.txt'
[17.069s] reading manifest file '../../build/yolo_detector/yolo_detector.egg-info/SOURCES.txt'
[17.084s] writing manifest file '../../build/yolo_detector/yolo_detector.egg-info/SOURCES.txt'
[17.089s] running build
[17.093s] running build_py
[17.099s] creating /home/muhammad/ros2_ws/build/yolo_detector/build
[17.102s] creating /home/muhammad/ros2_ws/build/yolo_detector/build/lib
[17.102s] creating /home/muhammad/ros2_ws/build/yolo_detector/build/lib/yolo_detector
[17.103s] copying yolo_detector/yolo_detector.py -> /home/muhammad/ros2_ws/build/yolo_detector/build/lib/yolo_detector
[17.106s] copying yolo_detector/__init__.py -> /home/muhammad/ros2_ws/build/yolo_detector/build/lib/yolo_detector
[17.108s] running install
[17.112s] running install_lib
[17.156s] creating /home/muhammad/ros2_ws/install/yolo_detector/lib/python3.10/site-packages/yolo_detector
[17.170s] copying /home/muhammad/ros2_ws/build/yolo_detector/build/lib/yolo_detector/yolo_detector.py -> /home/muhammad/ros2_ws/install/yolo_detector/lib/python3.10/site-packages/yolo_detector
[17.176s] copying /home/muhammad/ros2_ws/build/yolo_detector/build/lib/yolo_detector/__init__.py -> /home/muhammad/ros2_ws/install/yolo_detector/lib/python3.10/site-packages/yolo_detector
[17.192s] byte-compiling /home/muhammad/ros2_ws/install/yolo_detector/lib/python3.10/site-packages/yolo_detector/yolo_detector.py to yolo_detector.cpython-310.pyc
[17.206s] byte-compiling /home/muhammad/ros2_ws/install/yolo_detector/lib/python3.10/site-packages/yolo_detector/__init__.py to __init__.cpython-310.pyc
[17.207s] running install_data
[17.211s] creating /home/muhammad/ros2_ws/install/yolo_detector/share/ament_index
[17.212s] creating /home/muhammad/ros2_ws/install/yolo_detector/share/ament_index/resource_index
[17.212s] creating /home/muhammad/ros2_ws/install/yolo_detector/share/ament_index/resource_index/packages
[17.214s] copying resource/yolo_detector -> /home/muhammad/ros2_ws/install/yolo_detector/share/ament_index/resource_index/packages
[17.215s] copying package.xml -> /home/muhammad/ros2_ws/install/yolo_detector/share/yolo_detector
[17.215s] running install_egg_info
[17.273s] Copying ../../build/yolo_detector/yolo_detector.egg-info to /home/muhammad/ros2_ws/install/yolo_detector/lib/python3.10/site-packages/yolo_detector-0.0.0-py3.10.egg-info
[17.296s] running install_scripts
[17.725s] writing list of installed files to '/home/muhammad/ros2_ws/build/yolo_detector/install.log'
[18.123s] Invoked command in '/home/muhammad/ros2_ws/src/yolo_detector' returned '0': PYTHONPATH=/home/muhammad/ros2_ws/build/yolo_detector/prefix_override:/usr/lib/python3/dist-packages/colcon_core/task/python/colcon_distutils_commands:/home/muhammad/ros2_ws/install/yolo_detector/lib/python3.10/site-packages:${PYTHONPATH} /usr/bin/python3 -W ignore:setup.py install is deprecated -W ignore:easy_install command is deprecated setup.py egg_info --egg-base ../../build/yolo_detector build --build-base /home/muhammad/ros2_ws/build/yolo_detector/build install --record /home/muhammad/ros2_ws/build/yolo_detector/install.log --single-version-externally-managed install_data
