[0.656s] DEBUG:colcon:Command line arguments: ['/usr/bin/colcon', 'build']
[0.656s] DEBUG:colcon:Parsed command line arguments: Namespace(log_base=None, log_level=None, verb_name='build', build_base='build', install_base='install', merge_install=False, symlink_install=False, test_result_base=None, continue_on_error=False, executor='parallel', parallel_workers=4, event_handlers=None, ignore_user_meta=False, metas=['./colcon.meta'], base_paths=['.'], packages_ignore=None, packages_ignore_regex=None, paths=None, packages_up_to=None, packages_up_to_regex=None, packages_above=None, packages_above_and_dependencies=None, packages_above_depth=None, packages_select_by_dep=None, packages_skip_by_dep=None, packages_skip_up_to=None, packages_select_build_failed=False, packages_skip_build_finished=False, packages_select_test_failures=False, packages_skip_test_passed=False, packages_select=None, packages_skip=None, packages_select_regex=None, packages_skip_regex=None, packages_start=None, packages_end=None, allow_overriding=[], cmake_args=None, cmake_target=None, cmake_target_skip_unavailable=False, cmake_clean_cache=False, cmake_clean_first=False, cmake_force_configure=False, ament_cmake_args=None, catkin_cmake_args=None, catkin_skip_building_tests=False, verb_parser=<colcon_defaults.argument_parser.defaults.DefaultArgumentsDecorator object at 0x75886606c2b0>, verb_extension=<colcon_core.verb.build.BuildVerb object at 0x758866037ca0>, main=<bound method BuildVerb.main of <colcon_core.verb.build.BuildVerb object at 0x758866037ca0>>)
[2.325s] Level 1:colcon.colcon_core.package_discovery:discover_packages(colcon_meta) check parameters
[2.326s] Level 1:colcon.colcon_core.package_discovery:discover_packages(recursive) check parameters
[2.327s] Level 1:colcon.colcon_core.package_discovery:discover_packages(ignore) check parameters
[2.328s] Level 1:colcon.colcon_core.package_discovery:discover_packages(path) check parameters
[2.329s] Level 1:colcon.colcon_core.package_discovery:discover_packages(colcon_meta) discover
[2.331s] Level 1:colcon.colcon_core.package_discovery:discover_packages(recursive) discover
[2.332s] INFO:colcon.colcon_core.package_discovery:Crawling recursively for packages in '/home/muhammad/ros2_ws'
[2.334s] Level 1:colcon.colcon_core.package_identification:_identify(.) by extensions ['ignore', 'ignore_ament_install']
[2.335s] Level 1:colcon.colcon_core.package_identification:_identify(.) by extension 'ignore'
[2.336s] Level 1:colcon.colcon_core.package_identification:_identify(.) by extension 'ignore_ament_install'
[2.336s] Level 1:colcon.colcon_core.package_identification:_identify(.) by extensions ['colcon_pkg']
[2.336s] Level 1:colcon.colcon_core.package_identification:_identify(.) by extension 'colcon_pkg'
[2.336s] Level 1:colcon.colcon_core.package_identification:_identify(.) by extensions ['colcon_meta']
[2.337s] Level 1:colcon.colcon_core.package_identification:_identify(.) by extension 'colcon_meta'
[2.337s] Level 1:colcon.colcon_core.package_identification:_identify(.) by extensions ['ros']
[2.337s] Level 1:colcon.colcon_core.package_identification:_identify(.) by extension 'ros'
[2.448s] Level 1:colcon.colcon_core.package_identification:_identify(.) by extensions ['cmake', 'python']
[2.448s] Level 1:colcon.colcon_core.package_identification:_identify(.) by extension 'cmake'
[2.448s] Level 1:colcon.colcon_core.package_identification:_identify(.) by extension 'python'
[2.449s] Level 1:colcon.colcon_core.package_identification:_identify(.) by extensions ['python_setup_py']
[2.449s] Level 1:colcon.colcon_core.package_identification:_identify(.) by extension 'python_setup_py'
[2.449s] Level 1:colcon.colcon_core.package_identification:_identify(build) by extensions ['ignore', 'ignore_ament_install']
[2.449s] Level 1:colcon.colcon_core.package_identification:_identify(build) by extension 'ignore'
[2.450s] Level 1:colcon.colcon_core.package_identification:_identify(build) ignored
[2.450s] Level 1:colcon.colcon_core.package_identification:_identify(install) by extensions ['ignore', 'ignore_ament_install']
[2.451s] Level 1:colcon.colcon_core.package_identification:_identify(install) by extension 'ignore'
[2.451s] Level 1:colcon.colcon_core.package_identification:_identify(install) ignored
[2.451s] Level 1:colcon.colcon_core.package_identification:_identify(log) by extensions ['ignore', 'ignore_ament_install']
[2.452s] Level 1:colcon.colcon_core.package_identification:_identify(log) by extension 'ignore'
[2.454s] Level 1:colcon.colcon_core.package_identification:_identify(log) ignored
[2.455s] Level 1:colcon.colcon_core.package_identification:_identify(src) by extensions ['ignore', 'ignore_ament_install']
[2.457s] Level 1:colcon.colcon_core.package_identification:_identify(src) by extension 'ignore'
[2.459s] Level 1:colcon.colcon_core.package_identification:_identify(src) by extension 'ignore_ament_install'
[2.460s] Level 1:colcon.colcon_core.package_identification:_identify(src) by extensions ['colcon_pkg']
[2.460s] Level 1:colcon.colcon_core.package_identification:_identify(src) by extension 'colcon_pkg'
[2.461s] Level 1:colcon.colcon_core.package_identification:_identify(src) by extensions ['colcon_meta']
[2.461s] Level 1:colcon.colcon_core.package_identification:_identify(src) by extension 'colcon_meta'
[2.461s] Level 1:colcon.colcon_core.package_identification:_identify(src) by extensions ['ros']
[2.462s] Level 1:colcon.colcon_core.package_identification:_identify(src) by extension 'ros'
[2.462s] Level 1:colcon.colcon_core.package_identification:_identify(src) by extensions ['cmake', 'python']
[2.462s] Level 1:colcon.colcon_core.package_identification:_identify(src) by extension 'cmake'
[2.462s] Level 1:colcon.colcon_core.package_identification:_identify(src) by extension 'python'
[2.462s] Level 1:colcon.colcon_core.package_identification:_identify(src) by extensions ['python_setup_py']
[2.462s] Level 1:colcon.colcon_core.package_identification:_identify(src) by extension 'python_setup_py'
[2.463s] Level 1:colcon.colcon_core.package_identification:_identify(src/px4_msgs) by extensions ['ignore', 'ignore_ament_install']
[2.463s] Level 1:colcon.colcon_core.package_identification:_identify(src/px4_msgs) by extension 'ignore'
[2.463s] Level 1:colcon.colcon_core.package_identification:_identify(src/px4_msgs) by extension 'ignore_ament_install'
[2.464s] Level 1:colcon.colcon_core.package_identification:_identify(src/px4_msgs) by extensions ['colcon_pkg']
[2.464s] Level 1:colcon.colcon_core.package_identification:_identify(src/px4_msgs) by extension 'colcon_pkg'
[2.464s] Level 1:colcon.colcon_core.package_identification:_identify(src/px4_msgs) by extensions ['colcon_meta']
[2.464s] Level 1:colcon.colcon_core.package_identification:_identify(src/px4_msgs) by extension 'colcon_meta'
[2.464s] Level 1:colcon.colcon_core.package_identification:_identify(src/px4_msgs) by extensions ['ros']
[2.465s] Level 1:colcon.colcon_core.package_identification:_identify(src/px4_msgs) by extension 'ros'
[2.482s] DEBUG:colcon.colcon_core.package_identification:Package 'src/px4_msgs' with type 'ros.ament_cmake' and name 'px4_msgs'
[2.483s] Level 1:colcon.colcon_core.package_identification:_identify(src/yolo_detector) by extensions ['ignore', 'ignore_ament_install']
[2.483s] Level 1:colcon.colcon_core.package_identification:_identify(src/yolo_detector) by extension 'ignore'
[2.484s] Level 1:colcon.colcon_core.package_identification:_identify(src/yolo_detector) by extension 'ignore_ament_install'
[2.484s] Level 1:colcon.colcon_core.package_identification:_identify(src/yolo_detector) by extensions ['colcon_pkg']
[2.484s] Level 1:colcon.colcon_core.package_identification:_identify(src/yolo_detector) by extension 'colcon_pkg'
[2.484s] Level 1:colcon.colcon_core.package_identification:_identify(src/yolo_detector) by extensions ['colcon_meta']
[2.485s] Level 1:colcon.colcon_core.package_identification:_identify(src/yolo_detector) by extension 'colcon_meta'
[2.487s] Level 1:colcon.colcon_core.package_identification:_identify(src/yolo_detector) by extensions ['ros']
[2.488s] Level 1:colcon.colcon_core.package_identification:_identify(src/yolo_detector) by extension 'ros'
[2.496s] DEBUG:colcon.colcon_core.package_identification:Package 'src/yolo_detector' with type 'ros.ament_python' and name 'yolo_detector'
[2.496s] Level 1:colcon.colcon_core.package_discovery:discover_packages(recursive) using defaults
[2.497s] Level 1:colcon.colcon_core.package_discovery:discover_packages(ignore) discover
[2.497s] Level 1:colcon.colcon_core.package_discovery:discover_packages(ignore) using defaults
[2.497s] Level 1:colcon.colcon_core.package_discovery:discover_packages(path) discover
[2.497s] Level 1:colcon.colcon_core.package_discovery:discover_packages(path) using defaults
[2.692s] Level 1:colcon.colcon_core.package_discovery:discover_packages(prefix_path) check parameters
[2.693s] Level 1:colcon.colcon_core.package_discovery:discover_packages(prefix_path) discover
[2.717s] DEBUG:colcon.colcon_installed_package_information.package_discovery:Found 293 installed packages in /opt/ros/humble
[2.724s] Level 1:colcon.colcon_core.package_discovery:discover_packages(prefix_path) using defaults
[3.053s] Level 5:colcon.colcon_core.verb:set package 'px4_msgs' build argument 'cmake_args' from command line to 'None'
[3.053s] Level 5:colcon.colcon_core.verb:set package 'px4_msgs' build argument 'cmake_target' from command line to 'None'
[3.053s] Level 5:colcon.colcon_core.verb:set package 'px4_msgs' build argument 'cmake_target_skip_unavailable' from command line to 'False'
[3.053s] Level 5:colcon.colcon_core.verb:set package 'px4_msgs' build argument 'cmake_clean_cache' from command line to 'False'
[3.053s] Level 5:colcon.colcon_core.verb:set package 'px4_msgs' build argument 'cmake_clean_first' from command line to 'False'
[3.053s] Level 5:colcon.colcon_core.verb:set package 'px4_msgs' build argument 'cmake_force_configure' from command line to 'False'
[3.053s] Level 5:colcon.colcon_core.verb:set package 'px4_msgs' build argument 'ament_cmake_args' from command line to 'None'
[3.054s] Level 5:colcon.colcon_core.verb:set package 'px4_msgs' build argument 'catkin_cmake_args' from command line to 'None'
[3.054s] Level 5:colcon.colcon_core.verb:set package 'px4_msgs' build argument 'catkin_skip_building_tests' from command line to 'False'
[3.054s] DEBUG:colcon.colcon_core.verb:Building package 'px4_msgs' with the following arguments: {'ament_cmake_args': None, 'build_base': '/home/muhammad/ros2_ws/build/px4_msgs', 'catkin_cmake_args': None, 'catkin_skip_building_tests': False, 'cmake_args': None, 'cmake_clean_cache': False, 'cmake_clean_first': False, 'cmake_force_configure': False, 'cmake_target': None, 'cmake_target_skip_unavailable': False, 'install_base': '/home/muhammad/ros2_ws/install/px4_msgs', 'merge_install': False, 'path': '/home/muhammad/ros2_ws/src/px4_msgs', 'symlink_install': False, 'test_result_base': None}
[3.056s] Level 5:colcon.colcon_core.verb:set package 'yolo_detector' build argument 'cmake_args' from command line to 'None'
[3.056s] Level 5:colcon.colcon_core.verb:set package 'yolo_detector' build argument 'cmake_target' from command line to 'None'
[3.056s] Level 5:colcon.colcon_core.verb:set package 'yolo_detector' build argument 'cmake_target_skip_unavailable' from command line to 'False'
[3.056s] Level 5:colcon.colcon_core.verb:set package 'yolo_detector' build argument 'cmake_clean_cache' from command line to 'False'
[3.056s] Level 5:colcon.colcon_core.verb:set package 'yolo_detector' build argument 'cmake_clean_first' from command line to 'False'
[3.056s] Level 5:colcon.colcon_core.verb:set package 'yolo_detector' build argument 'cmake_force_configure' from command line to 'False'
[3.056s] Level 5:colcon.colcon_core.verb:set package 'yolo_detector' build argument 'ament_cmake_args' from command line to 'None'
[3.056s] Level 5:colcon.colcon_core.verb:set package 'yolo_detector' build argument 'catkin_cmake_args' from command line to 'None'
[3.056s] Level 5:colcon.colcon_core.verb:set package 'yolo_detector' build argument 'catkin_skip_building_tests' from command line to 'False'
[3.056s] DEBUG:colcon.colcon_core.verb:Building package 'yolo_detector' with the following arguments: {'ament_cmake_args': None, 'build_base': '/home/muhammad/ros2_ws/build/yolo_detector', 'catkin_cmake_args': None, 'catkin_skip_building_tests': False, 'cmake_args': None, 'cmake_clean_cache': False, 'cmake_clean_first': False, 'cmake_force_configure': False, 'cmake_target': None, 'cmake_target_skip_unavailable': False, 'install_base': '/home/muhammad/ros2_ws/install/yolo_detector', 'merge_install': False, 'path': '/home/muhammad/ros2_ws/src/yolo_detector', 'symlink_install': False, 'test_result_base': None}
[3.057s] INFO:colcon.colcon_core.executor:Executing jobs using 'parallel' executor
[3.061s] DEBUG:colcon.colcon_parallel_executor.executor.parallel:run_until_complete
[3.065s] INFO:colcon.colcon_ros.task.ament_cmake.build:Building ROS package in '/home/muhammad/ros2_ws/src/px4_msgs' with build type 'ament_cmake'
[3.068s] INFO:colcon.colcon_cmake.task.cmake.build:Building CMake package in '/home/muhammad/ros2_ws/src/px4_msgs'
[3.084s] INFO:colcon.colcon_core.plugin_system:Skipping extension 'colcon_core.shell.bat': Not used on non-Windows systems
[3.086s] INFO:colcon.colcon_core.shell:Skip shell extension 'powershell' for command environment: Not usable outside of PowerShell
[3.086s] DEBUG:colcon.colcon_core.shell:Skip shell extension 'dsv' for command environment
[3.110s] INFO:colcon.colcon_ros.task.ament_python.build:Building ROS package in '/home/muhammad/ros2_ws/src/yolo_detector' with build type 'ament_python'
[3.114s] Level 1:colcon.colcon_core.shell:create_environment_hook('yolo_detector', 'ament_prefix_path')
[3.119s] INFO:colcon.colcon_core.shell:Creating environment hook '/home/muhammad/ros2_ws/install/yolo_detector/share/yolo_detector/hook/ament_prefix_path.ps1'
[3.122s] INFO:colcon.colcon_core.shell:Creating environment descriptor '/home/muhammad/ros2_ws/install/yolo_detector/share/yolo_detector/hook/ament_prefix_path.dsv'
[3.124s] INFO:colcon.colcon_core.shell:Creating environment hook '/home/muhammad/ros2_ws/install/yolo_detector/share/yolo_detector/hook/ament_prefix_path.sh'
[3.137s] INFO:colcon.colcon_core.shell:Skip shell extension 'powershell' for command environment: Not usable outside of PowerShell
[3.137s] DEBUG:colcon.colcon_core.shell:Skip shell extension 'dsv' for command environment
[3.220s] DEBUG:colcon.colcon_core.event_handler.log_command:Invoking command in '/home/muhammad/ros2_ws/build/px4_msgs': CMAKE_PREFIX_PATH=/opt/ros/humble /usr/bin/cmake --build /home/muhammad/ros2_ws/build/px4_msgs -- -j4 -l4
[6.122s] INFO:colcon.colcon_core.task.python.build:Building Python package in '/home/muhammad/ros2_ws/src/yolo_detector'
[6.124s] INFO:colcon.colcon_core.shell:Skip shell extension 'powershell' for command environment: Not usable outside of PowerShell
[6.125s] DEBUG:colcon.colcon_core.shell:Skip shell extension 'dsv' for command environment
[10.001s] DEBUG:colcon.colcon_core.event_handler.log_command:Invoking command in '/home/muhammad/ros2_ws/src/yolo_detector': PYTHONPATH=/home/muhammad/ros2_ws/build/yolo_detector/prefix_override:/usr/lib/python3/dist-packages/colcon_core/task/python/colcon_distutils_commands:/home/muhammad/ros2_ws/install/yolo_detector/lib/python3.10/site-packages:${PYTHONPATH} /usr/bin/python3 -W ignore:setup.py install is deprecated -W ignore:easy_install command is deprecated setup.py egg_info --egg-base ../../build/yolo_detector build --build-base /home/muhammad/ros2_ws/build/yolo_detector/build install --record /home/muhammad/ros2_ws/build/yolo_detector/install.log --single-version-externally-managed install_data
[15.029s] DEBUG:colcon.colcon_core.event_handler.log_command:Invoked command in '/home/muhammad/ros2_ws/src/yolo_detector' returned '0': PYTHONPATH=/home/muhammad/ros2_ws/build/yolo_detector/prefix_override:/usr/lib/python3/dist-packages/colcon_core/task/python/colcon_distutils_commands:/home/muhammad/ros2_ws/install/yolo_detector/lib/python3.10/site-packages:${PYTHONPATH} /usr/bin/python3 -W ignore:setup.py install is deprecated -W ignore:easy_install command is deprecated setup.py egg_info --egg-base ../../build/yolo_detector build --build-base /home/muhammad/ros2_ws/build/yolo_detector/build install --record /home/muhammad/ros2_ws/build/yolo_detector/install.log --single-version-externally-managed install_data
[15.064s] Level 1:colcon.colcon_core.environment:checking '/home/muhammad/ros2_ws/install/yolo_detector' for CMake module files
[15.077s] Level 1:colcon.colcon_core.environment:checking '/home/muhammad/ros2_ws/install/yolo_detector' for CMake config files
[15.085s] Level 1:colcon.colcon_core.environment:checking '/home/muhammad/ros2_ws/install/yolo_detector/lib'
[15.089s] Level 1:colcon.colcon_core.environment:checking '/home/muhammad/ros2_ws/install/yolo_detector/bin'
[15.090s] Level 1:colcon.colcon_core.environment:checking '/home/muhammad/ros2_ws/install/yolo_detector/lib/pkgconfig/yolo_detector.pc'
[15.092s] Level 1:colcon.colcon_core.environment:checking '/home/muhammad/ros2_ws/install/yolo_detector/lib/python3.10/site-packages'
[15.092s] Level 1:colcon.colcon_core.shell:create_environment_hook('yolo_detector', 'pythonpath')
[15.094s] INFO:colcon.colcon_core.shell:Creating environment hook '/home/muhammad/ros2_ws/install/yolo_detector/share/yolo_detector/hook/pythonpath.ps1'
[15.102s] INFO:colcon.colcon_core.shell:Creating environment descriptor '/home/muhammad/ros2_ws/install/yolo_detector/share/yolo_detector/hook/pythonpath.dsv'
[15.105s] INFO:colcon.colcon_core.shell:Creating environment hook '/home/muhammad/ros2_ws/install/yolo_detector/share/yolo_detector/hook/pythonpath.sh'
[15.110s] Level 1:colcon.colcon_core.environment:checking '/home/muhammad/ros2_ws/install/yolo_detector/bin'
[15.111s] Level 1:colcon.colcon_core.environment:create_environment_scripts_only(yolo_detector)
[15.115s] INFO:colcon.colcon_core.shell:Creating package script '/home/muhammad/ros2_ws/install/yolo_detector/share/yolo_detector/package.ps1'
[15.126s] INFO:colcon.colcon_core.shell:Creating package descriptor '/home/muhammad/ros2_ws/install/yolo_detector/share/yolo_detector/package.dsv'
[15.137s] INFO:colcon.colcon_core.shell:Creating package script '/home/muhammad/ros2_ws/install/yolo_detector/share/yolo_detector/package.sh'
[15.149s] INFO:colcon.colcon_core.shell:Creating package script '/home/muhammad/ros2_ws/install/yolo_detector/share/yolo_detector/package.bash'
[15.157s] INFO:colcon.colcon_core.shell:Creating package script '/home/muhammad/ros2_ws/install/yolo_detector/share/yolo_detector/package.zsh'
[15.169s] Level 1:colcon.colcon_core.environment:create_file_with_runtime_dependencies(/home/muhammad/ros2_ws/install/yolo_detector/share/colcon-core/packages/yolo_detector)
[19.089s] DEBUG:colcon.colcon_core.event_handler.log_command:Invoked command in '/home/muhammad/ros2_ws/build/px4_msgs' returned '0': CMAKE_PREFIX_PATH=/opt/ros/humble /usr/bin/cmake --build /home/muhammad/ros2_ws/build/px4_msgs -- -j4 -l4
[19.150s] DEBUG:colcon.colcon_core.event_handler.log_command:Invoking command in '/home/muhammad/ros2_ws/build/px4_msgs': CMAKE_PREFIX_PATH=/opt/ros/humble /usr/bin/cmake --install /home/muhammad/ros2_ws/build/px4_msgs
[22.227s] Level 1:colcon.colcon_core.environment:create_environment_scripts_only(px4_msgs)
[22.230s] Level 1:colcon.colcon_core.environment:checking '/home/muhammad/ros2_ws/install/px4_msgs' for CMake module files
[22.288s] Level 1:colcon.colcon_core.environment:checking '/home/muhammad/ros2_ws/install/px4_msgs' for CMake config files
[22.373s] Level 1:colcon.colcon_core.shell:create_environment_hook('px4_msgs', 'cmake_prefix_path')
[22.380s] INFO:colcon.colcon_core.shell:Creating environment hook '/home/muhammad/ros2_ws/install/px4_msgs/share/px4_msgs/hook/cmake_prefix_path.ps1'
[22.391s] INFO:colcon.colcon_core.shell:Creating environment descriptor '/home/muhammad/ros2_ws/install/px4_msgs/share/px4_msgs/hook/cmake_prefix_path.dsv'
[22.409s] INFO:colcon.colcon_core.shell:Creating environment hook '/home/muhammad/ros2_ws/install/px4_msgs/share/px4_msgs/hook/cmake_prefix_path.sh'
[22.426s] Level 1:colcon.colcon_core.environment:checking '/home/muhammad/ros2_ws/install/px4_msgs/lib'
[22.432s] Level 1:colcon.colcon_core.shell:create_environment_hook('px4_msgs', 'ld_library_path_lib')
[22.434s] INFO:colcon.colcon_core.shell:Creating environment hook '/home/muhammad/ros2_ws/install/px4_msgs/share/px4_msgs/hook/ld_library_path_lib.ps1'
[22.448s] INFO:colcon.colcon_core.shell:Creating environment descriptor '/home/muhammad/ros2_ws/install/px4_msgs/share/px4_msgs/hook/ld_library_path_lib.dsv'
[22.458s] INFO:colcon.colcon_core.shell:Creating environment hook '/home/muhammad/ros2_ws/install/px4_msgs/share/px4_msgs/hook/ld_library_path_lib.sh'
[22.473s] Level 1:colcon.colcon_core.environment:checking '/home/muhammad/ros2_ws/install/px4_msgs/bin'
[22.475s] Level 1:colcon.colcon_core.environment:checking '/home/muhammad/ros2_ws/install/px4_msgs/lib/pkgconfig/px4_msgs.pc'
[22.479s] Level 1:colcon.colcon_core.environment:checking '/home/muhammad/ros2_ws/install/px4_msgs/lib/python3.10/site-packages'
[22.482s] Level 1:colcon.colcon_core.environment:checking '/home/muhammad/ros2_ws/install/px4_msgs/bin'
[22.484s] INFO:colcon.colcon_core.shell:Creating package script '/home/muhammad/ros2_ws/install/px4_msgs/share/px4_msgs/package.ps1'
[22.498s] INFO:colcon.colcon_core.shell:Creating package descriptor '/home/muhammad/ros2_ws/install/px4_msgs/share/px4_msgs/package.dsv'
[22.521s] INFO:colcon.colcon_core.shell:Creating package script '/home/muhammad/ros2_ws/install/px4_msgs/share/px4_msgs/package.sh'
[22.532s] INFO:colcon.colcon_core.shell:Creating package script '/home/muhammad/ros2_ws/install/px4_msgs/share/px4_msgs/package.bash'
[22.543s] INFO:colcon.colcon_core.shell:Creating package script '/home/muhammad/ros2_ws/install/px4_msgs/share/px4_msgs/package.zsh'
[22.553s] Level 1:colcon.colcon_core.environment:create_file_with_runtime_dependencies(/home/muhammad/ros2_ws/install/px4_msgs/share/colcon-core/packages/px4_msgs)
[22.578s] Level 1:colcon.colcon_core.environment:create_environment_scripts_only(px4_msgs)
[22.580s] Level 1:colcon.colcon_core.environment:checking '/home/muhammad/ros2_ws/install/px4_msgs' for CMake module files
[22.593s] Level 1:colcon.colcon_core.environment:checking '/home/muhammad/ros2_ws/install/px4_msgs' for CMake config files
[22.688s] Level 1:colcon.colcon_core.shell:create_environment_hook('px4_msgs', 'cmake_prefix_path')
[22.689s] INFO:colcon.colcon_core.shell:Creating environment hook '/home/muhammad/ros2_ws/install/px4_msgs/share/px4_msgs/hook/cmake_prefix_path.ps1'
[22.702s] INFO:colcon.colcon_core.shell:Creating environment descriptor '/home/muhammad/ros2_ws/install/px4_msgs/share/px4_msgs/hook/cmake_prefix_path.dsv'
[22.713s] INFO:colcon.colcon_core.shell:Creating environment hook '/home/muhammad/ros2_ws/install/px4_msgs/share/px4_msgs/hook/cmake_prefix_path.sh'
[22.730s] Level 1:colcon.colcon_core.environment:checking '/home/muhammad/ros2_ws/install/px4_msgs/lib'
[22.744s] Level 1:colcon.colcon_core.shell:create_environment_hook('px4_msgs', 'ld_library_path_lib')
[22.750s] INFO:colcon.colcon_core.shell:Creating environment hook '/home/muhammad/ros2_ws/install/px4_msgs/share/px4_msgs/hook/ld_library_path_lib.ps1'
[22.761s] INFO:colcon.colcon_core.shell:Creating environment descriptor '/home/muhammad/ros2_ws/install/px4_msgs/share/px4_msgs/hook/ld_library_path_lib.dsv'
[22.778s] INFO:colcon.colcon_core.shell:Creating environment hook '/home/muhammad/ros2_ws/install/px4_msgs/share/px4_msgs/hook/ld_library_path_lib.sh'
[22.802s] Level 1:colcon.colcon_core.environment:checking '/home/muhammad/ros2_ws/install/px4_msgs/bin'
[22.803s] Level 1:colcon.colcon_core.environment:checking '/home/muhammad/ros2_ws/install/px4_msgs/lib/pkgconfig/px4_msgs.pc'
[22.804s] Level 1:colcon.colcon_core.environment:checking '/home/muhammad/ros2_ws/install/px4_msgs/lib/python3.10/site-packages'
[22.805s] Level 1:colcon.colcon_core.environment:checking '/home/muhammad/ros2_ws/install/px4_msgs/bin'
[22.813s] INFO:colcon.colcon_core.shell:Creating package script '/home/muhammad/ros2_ws/install/px4_msgs/share/px4_msgs/package.ps1'
[22.830s] INFO:colcon.colcon_core.shell:Creating package descriptor '/home/muhammad/ros2_ws/install/px4_msgs/share/px4_msgs/package.dsv'
[22.856s] INFO:colcon.colcon_core.shell:Creating package script '/home/muhammad/ros2_ws/install/px4_msgs/share/px4_msgs/package.sh'
[22.872s] INFO:colcon.colcon_core.shell:Creating package script '/home/muhammad/ros2_ws/install/px4_msgs/share/px4_msgs/package.bash'
[22.884s] INFO:colcon.colcon_core.shell:Creating package script '/home/muhammad/ros2_ws/install/px4_msgs/share/px4_msgs/package.zsh'
[22.896s] Level 1:colcon.colcon_core.environment:create_file_with_runtime_dependencies(/home/muhammad/ros2_ws/install/px4_msgs/share/colcon-core/packages/px4_msgs)
[22.900s] DEBUG:colcon.colcon_parallel_executor.executor.parallel:closing loop
[22.902s] DEBUG:colcon.colcon_parallel_executor.executor.parallel:loop closed
[22.904s] DEBUG:colcon.colcon_parallel_executor.executor.parallel:run_until_complete finished with '0'
[22.907s] DEBUG:colcon.colcon_core.event_reactor:joining thread
[23.810s] DEBUG:colcon.colcon_core.event_handler.log_command:Invoked command in '/home/muhammad/ros2_ws/build/px4_msgs' returned '0': CMAKE_PREFIX_PATH=/opt/ros/humble /usr/bin/cmake --install /home/muhammad/ros2_ws/build/px4_msgs
[23.860s] INFO:colcon.colcon_core.plugin_system:Skipping extension 'colcon_notification.desktop_notification.terminal_notifier': Not used on non-Darwin systems
[23.860s] INFO:colcon.colcon_core.plugin_system:Skipping extension 'colcon_notification.desktop_notification.win32': Not used on non-Windows systems
[23.860s] INFO:colcon.colcon_notification.desktop_notification:Sending desktop notification using 'notify2'
[23.978s] DEBUG:colcon.colcon_core.event_reactor:joined thread
[23.982s] INFO:colcon.colcon_core.shell:Creating prefix script '/home/muhammad/ros2_ws/install/local_setup.ps1'
[23.987s] INFO:colcon.colcon_core.shell:Creating prefix util module '/home/muhammad/ros2_ws/install/_local_setup_util_ps1.py'
[24.002s] INFO:colcon.colcon_core.shell:Creating prefix chain script '/home/muhammad/ros2_ws/install/setup.ps1'
[24.014s] INFO:colcon.colcon_core.shell:Creating prefix script '/home/muhammad/ros2_ws/install/local_setup.sh'
[24.018s] INFO:colcon.colcon_core.shell:Creating prefix util module '/home/muhammad/ros2_ws/install/_local_setup_util_sh.py'
[24.023s] INFO:colcon.colcon_core.shell:Creating prefix chain script '/home/muhammad/ros2_ws/install/setup.sh'
[24.036s] INFO:colcon.colcon_core.shell:Creating prefix script '/home/muhammad/ros2_ws/install/local_setup.bash'
[24.045s] INFO:colcon.colcon_core.shell:Creating prefix chain script '/home/muhammad/ros2_ws/install/setup.bash'
[24.052s] INFO:colcon.colcon_core.shell:Creating prefix script '/home/muhammad/ros2_ws/install/local_setup.zsh'
[24.063s] INFO:colcon.colcon_core.shell:Creating prefix chain script '/home/muhammad/ros2_ws/install/setup.zsh'
